# JRE version: OpenJDK Runtime Environment Temurin-17.0.5+8 (17.0.5+8) (build 17.0.5+8)
# Java VM: OpenJDK 64-Bit Server VM Temurin-17.0.5+8 (17.0.5+8, mixed mode, tiered, compressed oops, compressed class ptrs, parallel gc, windows-amd64)
GC Precious Log:
 CPUs: 4 total, 4 available
 Memory: 16348M
 Large Page Support: Disabled
 NUMA Support: Disabled
 Compressed Oops: Enabled (32-bit)
 Alignments: Space 512K, Generation 512K, Heap 2M
 Heap Min Capacity: 100M
 Heap Initial Capacity: 100M
 Heap Max Capacity: 1G
 Pre-touch: Disabled
 Parallel Workers: 4
Heap:
 PSYoungGen      total 12800K, used 12313K [0x00000000eab00000, 0x00000000ebc00000, 0x0000000100000000)
  eden space 10240K, 100% used [0x00000000eab00000,0x00000000eb500000,0x00000000eb500000)
  from space 2560K, 80% used [0x00000000eb980000,0x00000000ebb86430,0x00000000ebc00000)
  to   space 3072K, 66% used [0x00000000eb600000,0x00000000eb8002d0,0x00000000eb900000)
 ParOldGen       total 173568K, used 152050K [0x00000000c0000000, 0x00000000ca980000, 0x00000000eab00000)
  object space 173568K, 87% used [0x00000000c0000000,0x00000000c947cae8,0x00000000ca980000)
 Metaspace       used 94228K, committed 95232K, reserved 1138688K
  class space    used 9063K, committed 9536K, reserved 1048576K
GC Heap History (20 events):
Event: 20579.819 GC heap after
{Heap after GC invocations=40608 (full 1065):
 PSYoungGen      total 11264K, used 1009K [0x00000000eab00000, 0x00000000eb900000, 0x0000000100000000)
  eden space 10240K, 0% used [0x00000000eab00000,0x00000000eab00000,0x00000000eb500000)
  from space 1024K, 98% used [0x00000000eb580000,0x00000000eb67c7b8,0x00000000eb680000)
  to   space 2048K, 0% used [0x00000000eb700000,0x00000000eb700000,0x00000000eb900000)
 ParOldGen       total 173568K, used 144594K [0x00000000c0000000, 0x00000000ca980000, 0x00000000eab00000)
  object space 173568K, 83% used [0x00000000c0000000,0x00000000c8d34b28,0x00000000ca980000)
 Metaspace       used 94228K, committed 95232K, reserved 1138688K
  class space    used 9063K, committed 9536K, reserved 1048576K
}
Event: 20580.484 GC heap before
{Heap before GC invocations=40609 (full 1065):
 PSYoungGen      total 11264K, used 11249K [0x00000000eab00000, 0x00000000eb900000, 0x0000000100000000)
  eden space 10240K, 100% used [0x00000000eab00000,0x00000000eb500000,0x00000000eb500000)
  from space 1024K, 98% used [0x00000000eb580000,0x00000000eb67c7b8,0x00000000eb680000)
  to   space 2048K, 0% used [0x00000000eb700000,0x00000000eb700000,0x00000000eb900000)
 ParOldGen       total 173568K, used 144594K [0x00000000c0000000, 0x00000000ca980000, 0x00000000eab00000)
  object space 173568K, 83% used [0x00000000c0000000,0x00000000c8d34b28,0x00000000ca980000)
 Metaspace       used 94228K, committed 95232K, reserved 1138688K
  class space    used 9063K, committed 9536K, reserved 1048576K
}
Event: 20580.485 GC heap after
{Heap after GC invocations=40609 (full 1065):
 PSYoungGen      total 11264K, used 938K [0x00000000eab00000, 0x00000000eb800000, 0x0000000100000000)
  eden space 10240K, 0% used [0x00000000eab00000,0x00000000eab00000,0x00000000eb500000)
  from space 1024K, 91% used [0x00000000eb700000,0x00000000eb7ea908,0x00000000eb800000)
  to   space 1536K, 0% used [0x00000000eb500000,0x00000000eb500000,0x00000000eb680000)
 ParOldGen       total 173568K, used 144738K [0x00000000c0000000, 0x00000000ca980000, 0x00000000eab00000)
  object space 173568K, 83% used [0x00000000c0000000,0x00000000c8d58b28,0x00000000ca980000)
 Metaspace       used 94228K, committed 95232K, reserved 1138688K
  class space    used 9063K, committed 9536K, reserved 1048576K
}
Event: 20580.709 GC heap before
{Heap before GC invocations=40610 (full 1065):
 PSYoungGen      total 11264K, used 11178K [0x00000000eab00000, 0x00000000eb800000, 0x0000000100000000)
  eden space 10240K, 100% used [0x00000000eab00000,0x00000000eb500000,0x00000000eb500000)
  from space 1024K, 91% used [0x00000000eb700000,0x00000000eb7ea908,0x00000000eb800000)
  to   space 1536K, 0% used [0x00000000eb500000,0x00000000eb500000,0x00000000eb680000)
 ParOldGen       total 173568K, used 144738K [0x00000000c0000000, 0x00000000ca980000, 0x00000000eab00000)
  object space 173568K, 83% used [0x00000000c0000000,0x00000000c8d58b28,0x00000000ca980000)
 Metaspace       used 94228K, committed 95232K, reserved 1138688K
  class space    used 9063K, committed 9536K, reserved 1048576K
}
Event: 20580.711 GC heap after
{Heap after GC invocations=40610 (full 1065):
 PSYoungGen      total 11776K, used 1521K [0x00000000eab00000, 0x00000000ebb00000, 0x0000000100000000)
  eden space 10240K, 0% used [0x00000000eab00000,0x00000000eab00000,0x00000000eb500000)
  from space 1536K, 99% used [0x00000000eb500000,0x00000000eb67c7c0,0x00000000eb680000)
  to   space 3072K, 0% used [0x00000000eb800000,0x00000000eb800000,0x00000000ebb00000)
 ParOldGen       total 173568K, used 145602K [0x00000000c0000000, 0x00000000ca980000, 0x00000000eab00000)
  object space 173568K, 83% used [0x00000000c0000000,0x00000000c8e30b60,0x00000000ca980000)
 Metaspace       used 94228K, committed 95232K, reserved 1138688K
  class space    used 9063K, committed 9536K, reserved 1048576K
}
Event: 20580.950 GC heap before
{Heap before GC invocations=40611 (full 1065):
 PSYoungGen      total 11776K, used 11761K [0x00000000eab00000, 0x00000000ebb00000, 0x0000000100000000)
  eden space 10240K, 100% used [0x00000000eab00000,0x00000000eb500000,0x00000000eb500000)
  from space 1536K, 99% used [0x00000000eb500000,0x00000000eb67c7c0,0x00000000eb680000)
  to   space 3072K, 0% used [0x00000000eb800000,0x00000000eb800000,0x00000000ebb00000)
 ParOldGen       total 173568K, used 145602K [0x00000000c0000000, 0x00000000ca980000, 0x00000000eab00000)
  object space 173568K, 83% used [0x00000000c0000000,0x00000000c8e30b60,0x00000000ca980000)
 Metaspace       used 94228K, committed 95232K, reserved 1138688K
  class space    used 9063K, committed 9536K, reserved 1048576K
}
Event: 20580.952 GC heap after
{Heap after GC invocations=40611 (full 1065):
 PSYoungGen      total 11264K, used 768K [0x00000000eab00000, 0x00000000eb900000, 0x0000000100000000)
  eden space 10240K, 0% used [0x00000000eab00000,0x00000000eab00000,0x00000000eb500000)
  from space 1024K, 75% used [0x00000000eb800000,0x00000000eb8c0000,0x00000000eb900000)
  to   space 1536K, 0% used [0x00000000eb600000,0x00000000eb600000,0x00000000eb780000)
 ParOldGen       total 173568K, used 146482K [0x00000000c0000000, 0x00000000ca980000, 0x00000000eab00000)
  object space 173568K, 84% used [0x00000000c0000000,0x00000000c8f0c9f0,0x00000000ca980000)
 Metaspace       used 94228K, committed 95232K, reserved 1138688K
  class space    used 9063K, committed 9536K, reserved 1048576K
}
Event: 20580.979 GC heap before
{Heap before GC invocations=40612 (full 1065):
 PSYoungGen      total 11264K, used 11008K [0x00000000eab00000, 0x00000000eb900000, 0x0000000100000000)
  eden space 10240K, 100% used [0x00000000eab00000,0x00000000eb500000,0x00000000eb500000)
  from space 1024K, 75% used [0x00000000eb800000,0x00000000eb8c0000,0x00000000eb900000)
  to   space 1536K, 0% used [0x00000000eb600000,0x00000000eb600000,0x00000000eb780000)
 ParOldGen       total 173568K, used 146482K [0x00000000c0000000, 0x00000000ca980000, 0x00000000eab00000)
  object space 173568K, 84% used [0x00000000c0000000,0x00000000c8f0c9f0,0x00000000ca980000)
 Metaspace       used 94228K, committed 95232K, reserved 1138688K
  class space    used 9063K, committed 9536K, reserved 1048576K
}
Event: 20580.982 GC heap after
{Heap after GC invocations=40612 (full 1065):
 PSYoungGen      total 11776K, used 1528K [0x00000000eab00000, 0x00000000ebc00000, 0x0000000100000000)
  eden space 10240K, 0% used [0x00000000eab00000,0x00000000eab00000,0x00000000eb500000)
  from space 1536K, 99% used [0x00000000eb600000,0x00000000eb77e158,0x00000000eb780000)
  to   space 3584K, 0% used [0x00000000eb880000,0x00000000eb880000,0x00000000ebc00000)
 ParOldGen       total 173568K, used 148095K [0x00000000c0000000, 0x00000000ca980000, 0x00000000eab00000)
  object space 173568K, 85% used [0x00000000c0000000,0x00000000c909fe30,0x00000000ca980000)
 Metaspace       used 94228K, committed 95232K, reserved 1138688K
  class space    used 9063K, committed 9536K, reserved 1048576K
}
Event: 20581.008 GC heap before
{Heap before GC invocations=40613 (full 1065):
 PSYoungGen      total 11776K, used 11768K [0x00000000eab00000, 0x00000000ebc00000, 0x0000000100000000)
  eden space 10240K, 100% used [0x00000000eab00000,0x00000000eb500000,0x00000000eb500000)
  from space 1536K, 99% used [0x00000000eb600000,0x00000000eb77e158,0x00000000eb780000)
  to   space 3584K, 0% used [0x00000000eb880000,0x00000000eb880000,0x00000000ebc00000)
 ParOldGen       total 173568K, used 148095K [0x00000000c0000000, 0x00000000ca980000, 0x00000000eab00000)
  object space 173568K, 85% used [0x00000000c0000000,0x00000000c909fe30,0x00000000ca980000)
 Metaspace       used 94228K, committed 95232K, reserved 1138688K
  class space    used 9063K, committed 9536K, reserved 1048576K
}
Event: 20581.011 GC heap after
{Heap after GC invocations=40613 (full 1065):
 PSYoungGen      total 11776K, used 1176K [0x00000000eab00000, 0x00000000eba00000, 0x0000000100000000)
  eden space 10240K, 0% used [0x00000000eab00000,0x00000000eab00000,0x00000000eb500000)
  from space 1536K, 76% used [0x00000000eb880000,0x00000000eb9a6158,0x00000000eba00000)
  to   space 2048K, 0% used [0x00000000eb600000,0x00000000eb600000,0x00000000eb800000)
 ParOldGen       total 173568K, used 148780K [0x00000000c0000000, 0x00000000ca980000, 0x00000000eab00000)
  object space 173568K, 85% used [0x00000000c0000000,0x00000000c914b168,0x00000000ca980000)
 Metaspace       used 94228K, committed 95232K, reserved 1138688K
  class space    used 9063K, committed 9536K, reserved 1048576K
}
Event: 20581.038 GC heap before
{Heap before GC invocations=40614 (full 1065):
 PSYoungGen      total 11776K, used 11416K [0x00000000eab00000, 0x00000000eba00000, 0x0000000100000000)
  eden space 10240K, 100% used [0x00000000eab00000,0x00000000eb500000,0x00000000eb500000)
  from space 1536K, 76% used [0x00000000eb880000,0x00000000eb9a6158,0x00000000eba00000)
  to   space 2048K, 0% used [0x00000000eb600000,0x00000000eb600000,0x00000000eb800000)
 ParOldGen       total 173568K, used 148780K [0x00000000c0000000, 0x00000000ca980000, 0x00000000eab00000)
  object space 173568K, 85% used [0x00000000c0000000,0x00000000c914b168,0x00000000ca980000)
 Metaspace       used 94228K, committed 95232K, reserved 1138688K
  class space    used 9063K, committed 9536K, reserved 1048576K
}
Event: 20581.039 GC heap after
{Heap after GC invocations=40614 (full 1065):
 PSYoungGen      total 11776K, used 1144K [0x00000000eab00000, 0x00000000eb900000, 0x0000000100000000)
  eden space 10240K, 0% used [0x00000000eab00000,0x00000000eab00000,0x00000000eb500000)
  from space 1536K, 74% used [0x00000000eb600000,0x00000000eb71e158,0x00000000eb780000)
  to   space 1536K, 0% used [0x00000000eb780000,0x00000000eb780000,0x00000000eb900000)
 ParOldGen       total 173568K, used 148780K [0x00000000c0000000, 0x00000000ca980000, 0x00000000eab00000)
  object space 173568K, 85% used [0x00000000c0000000,0x00000000c914b168,0x00000000ca980000)
 Metaspace       used 94228K, committed 95232K, reserved 1138688K
  class space    used 9063K, committed 9536K, reserved 1048576K
}
Event: 20581.067 GC heap before
{Heap before GC invocations=40615 (full 1065):
 PSYoungGen      total 11776K, used 11384K [0x00000000eab00000, 0x00000000eb900000, 0x0000000100000000)
  eden space 10240K, 100% used [0x00000000eab00000,0x00000000eb500000,0x00000000eb500000)
  from space 1536K, 74% used [0x00000000eb600000,0x00000000eb71e158,0x00000000eb780000)
  to   space 1536K, 0% used [0x00000000eb780000,0x00000000eb780000,0x00000000eb900000)
 ParOldGen       total 173568K, used 148780K [0x00000000c0000000, 0x00000000ca980000, 0x00000000eab00000)
  object space 173568K, 85% used [0x00000000c0000000,0x00000000c914b168,0x00000000ca980000)
 Metaspace       used 94228K, committed 95232K, reserved 1138688K
  class space    used 9063K, committed 9536K, reserved 1048576K
}
Event: 20581.068 GC heap after
{Heap after GC invocations=40615 (full 1065):
 PSYoungGen      total 11776K, used 1120K [0x00000000eab00000, 0x00000000eb900000, 0x0000000100000000)
  eden space 10240K, 0% used [0x00000000eab00000,0x00000000eab00000,0x00000000eb500000)
  from space 1536K, 72% used [0x00000000eb780000,0x00000000eb898000,0x00000000eb900000)
  to   space 1536K, 0% used [0x00000000eb600000,0x00000000eb600000,0x00000000eb780000)
 ParOldGen       total 173568K, used 148780K [0x00000000c0000000, 0x00000000ca980000, 0x00000000eab00000)
  object space 173568K, 85% used [0x00000000c0000000,0x00000000c914b168,0x00000000ca980000)
 Metaspace       used 94228K, committed 95232K, reserved 1138688K
  class space    used 9063K, committed 9536K, reserved 1048576K
}
Event: 20581.296 GC heap before
{Heap before GC invocations=40616 (full 1065):
 PSYoungGen      total 11776K, used 11360K [0x00000000eab00000, 0x00000000eb900000, 0x0000000100000000)
  eden space 10240K, 100% used [0x00000000eab00000,0x00000000eb500000,0x00000000eb500000)
  from space 1536K, 72% used [0x00000000eb780000,0x00000000eb898000,0x00000000eb900000)
  to   space 1536K, 0% used [0x00000000eb600000,0x00000000eb600000,0x00000000eb780000)
 ParOldGen       total 173568K, used 148780K [0x00000000c0000000, 0x00000000ca980000, 0x00000000eab00000)
  object space 173568K, 85% used [0x00000000c0000000,0x00000000c914b168,0x00000000ca980000)
 Metaspace       used 94228K, committed 95232K, reserved 1138688K
  class space    used 9063K, committed 9536K, reserved 1048576K
}
Event: 20581.299 GC heap after
{Heap after GC invocations=40616 (full 1065):
 PSYoungGen      total 11776K, used 1513K [0x00000000eab00000, 0x00000000ebe00000, 0x0000000100000000)
  eden space 10240K, 0% used [0x00000000eab00000,0x00000000eab00000,0x00000000eb500000)
  from space 1536K, 98% used [0x00000000eb600000,0x00000000eb77a418,0x00000000eb780000)
  to   space 4608K, 0% used [0x00000000eb980000,0x00000000eb980000,0x00000000ebe00000)
 ParOldGen       total 173568K, used 150994K [0x00000000c0000000, 0x00000000ca980000, 0x00000000eab00000)
  object space 173568K, 86% used [0x00000000c0000000,0x00000000c9374bc0,0x00000000ca980000)
 Metaspace       used 94228K, committed 95232K, reserved 1138688K
  class space    used 9063K, committed 9536K, reserved 1048576K
}
Event: 20581.782 GC heap before
{Heap before GC invocations=40617 (full 1065):
 PSYoungGen      total 11776K, used 11753K [0x00000000eab00000, 0x00000000ebe00000, 0x0000000100000000)
  eden space 10240K, 100% used [0x00000000eab00000,0x00000000eb500000,0x00000000eb500000)
  from space 1536K, 98% used [0x00000000eb600000,0x00000000eb77a418,0x00000000eb780000)
  to   space 4608K, 0% used [0x00000000eb980000,0x00000000eb980000,0x00000000ebe00000)
 ParOldGen       total 173568K, used 150994K [0x00000000c0000000, 0x00000000ca980000, 0x00000000eab00000)
  object space 173568K, 86% used [0x00000000c0000000,0x00000000c9374bc0,0x00000000ca980000)
 Metaspace       used 94228K, committed 95232K, reserved 1138688K
  class space    used 9063K, committed 9536K, reserved 1048576K
}
Event: 20581.786 GC heap after
{Heap after GC invocations=40617 (full 1065):
 PSYoungGen      total 12800K, used 2073K [0x00000000eab00000, 0x00000000ebc00000, 0x0000000100000000)
  eden space 10240K, 0% used [0x00000000eab00000,0x00000000eab00000,0x00000000eb500000)
  from space 2560K, 80% used [0x00000000eb980000,0x00000000ebb86430,0x00000000ebc00000)
  to   space 3072K, 0% used [0x00000000eb600000,0x00000000eb600000,0x00000000eb900000)
 ParOldGen       total 173568K, used 152050K [0x00000000c0000000, 0x00000000ca980000, 0x00000000eab00000)
  object space 173568K, 87% used [0x00000000c0000000,0x00000000c947cae8,0x00000000ca980000)
 Metaspace       used 94228K, committed 95232K, reserved 1138688K
  class space    used 9063K, committed 9536K, reserved 1048576K
}
Event: 20582.046 GC heap before
{Heap before GC invocations=40618 (full 1065):
 PSYoungGen      total 12800K, used 12313K [0x00000000eab00000, 0x00000000ebc00000, 0x0000000100000000)
  eden space 10240K, 100% used [0x00000000eab00000,0x00000000eb500000,0x00000000eb500000)
  from space 2560K, 80% used [0x00000000eb980000,0x00000000ebb86430,0x00000000ebc00000)
  to   space 3072K, 0% used [0x00000000eb600000,0x00000000eb600000,0x00000000eb900000)
 ParOldGen       total 173568K, used 152050K [0x00000000c0000000, 0x00000000ca980000, 0x00000000eab00000)
  object space 173568K, 87% used [0x00000000c0000000,0x00000000c947cae8,0x00000000ca980000)
 Metaspace       used 94228K, committed 95232K, reserved 1138688K
  class space    used 9063K, committed 9536K, reserved 1048576K
}

